<?xml version="1.0" encoding="UTF-8"?>
<testsuite xmlns:xsi="http://www.w3.org/2001/XMLSchema-instance" xsi:noNamespaceSchemaLocation="https://maven.apache.org/surefire/maven-surefire-plugin/xsd/surefire-test-report-3.0.xsd" version="3.0" name="pojekt.eightqueensproblem.model.ChessboardModelTest" time="0.15" tests="38" errors="0" skipped="0" failures="0">
  <properties>
[...]
</properties>
  <testcase name="testIsValidPlacementSuccess(String)[1]" classname="pojekt.eightqueensproblem.model.ChessboardModelTest" time="0.035"/>
  <testcase name="testIsValidPlacementSuccess(String)[2]" classname="pojekt.eightqueensproblem.model.ChessboardModelTest" time="0.001"/>
  <testcase name="testIsValidPlacementSuccess(String)[3]" classname="pojekt.eightqueensproblem.model.ChessboardModelTest" time="0.001"/>
  <testcase name="testIsValidPlacementSuccess(String)[4]" classname="pojekt.eightqueensproblem.model.ChessboardModelTest" time="0.001"/>
  <testcase name="testIsValidPlacementSuccess(String)[5]" classname="pojekt.eightqueensproblem.model.ChessboardModelTest" time="0.0"/>
  <testcase name="testParseValid(String, int, int)[1]" classname="pojekt.eightqueensproblem.model.ChessboardModelTest" time="0.007"/>
  <testcase name="testParseValid(String, int, int)[2]" classname="pojekt.eightqueensproblem.model.ChessboardModelTest" time="0.001"/>
  <testcase name="testParseValid(String, int, int)[3]" classname="pojekt.eightqueensproblem.model.ChessboardModelTest" time="0.001"/>
  <testcase name="testParseValid(String, int, int)[4]" classname="pojekt.eightqueensproblem.model.ChessboardModelTest" time="0.0"/>
  <testcase name="testParseValid(String, int, int)[5]" classname="pojekt.eightqueensproblem.model.ChessboardModelTest" time="0.001"/>
  <testcase name="testParseValid(String, int, int)[6]" classname="pojekt.eightqueensproblem.model.ChessboardModelTest" time="0.001"/>
  <testcase name="testIsValidPlacementOccupied(String, String)[1]" classname="pojekt.eightqueensproblem.model.ChessboardModelTest" time="0.003"/>
  <testcase name="testIsValidPlacementOccupied(String, String)[2]" classname="pojekt.eightqueensproblem.model.ChessboardModelTest" time="0.001"/>
  <testcase name="testIsValidPlacementOccupied(String, String)[3]" classname="pojekt.eightqueensproblem.model.ChessboardModelTest" time="0.0"/>
  <testcase name="testIsValidPlacementFormatAndRange(String)[1]" classname="pojekt.eightqueensproblem.model.ChessboardModelTest" time="0.001"/>
  <testcase name="testIsValidPlacementFormatAndRange(String)[2]" classname="pojekt.eightqueensproblem.model.ChessboardModelTest" time="0.0"/>
  <testcase name="testIsValidPlacementFormatAndRange(String)[3]" classname="pojekt.eightqueensproblem.model.ChessboardModelTest" time="0.0"/>
  <testcase name="testIsValidPlacementFormatAndRange(String)[4]" classname="pojekt.eightqueensproblem.model.ChessboardModelTest" time="0.0"/>
  <testcase name="testIsValidPlacementFormatAndRange(String)[5]" classname="pojekt.eightqueensproblem.model.ChessboardModelTest" time="0.0"/>
  <testcase name="testIsValidPlacementFormatAndRange(String)[6]" classname="pojekt.eightqueensproblem.model.ChessboardModelTest" time="0.0"/>
  <testcase name="testIsValidPlacementFormatAndRange(String)[7]" classname="pojekt.eightqueensproblem.model.ChessboardModelTest" time="0.0"/>
  <testcase name="testIsValidPlacementFormatAndRange(String)[8]" classname="pojekt.eightqueensproblem.model.ChessboardModelTest" time="0.0"/>
  <testcase name="testParseInvalid(String)[1]" classname="pojekt.eightqueensproblem.model.ChessboardModelTest" time="0.001"/>
  <testcase name="testParseInvalid(String)[2]" classname="pojekt.eightqueensproblem.model.ChessboardModelTest" time="0.001"/>
  <testcase name="testParseInvalid(String)[3]" classname="pojekt.eightqueensproblem.model.ChessboardModelTest" time="0.0"/>
  <testcase name="testIsSolutionValidParameterized(String, boolean)[1]" classname="pojekt.eightqueensproblem.model.ChessboardModelTest" time="0.003"/>
  <testcase name="testIsSolutionValidParameterized(String, boolean)[2]" classname="pojekt.eightqueensproblem.model.ChessboardModelTest" time="0.001"/>
  <testcase name="testIsSolutionValidParameterized(String, boolean)[3]" classname="pojekt.eightqueensproblem.model.ChessboardModelTest" time="0.0"/>
  <testcase name="testIsSolutionValidParameterized(String, boolean)[4]" classname="pojekt.eightqueensproblem.model.ChessboardModelTest" time="0.001"/>
  <testcase name="testIsSolutionValidParameterized(String, boolean)[5]" classname="pojekt.eightqueensproblem.model.ChessboardModelTest" time="0.001"/>
  <testcase name="testIsSolutionValidParameterized(String, boolean)[6]" classname="pojekt.eightqueensproblem.model.ChessboardModelTest" time="0.0"/>
  <testcase name="testIsSolutionValidParameterized(String, boolean)[7]" classname="pojekt.eightqueensproblem.model.ChessboardModelTest" time="0.001"/>
  <testcase name="testIsSolutionValidParameterized(String, boolean)[8]" classname="pojekt.eightqueensproblem.model.ChessboardModelTest" time="0.001"/>
  <testcase name="testIsSolutionValidParameterized(String, boolean)[9]" classname="pojekt.eightqueensproblem.model.ChessboardModelTest" time="0.001"/>
  <testcase name="testIsSolutionValidParameterized(String, boolean)[10]" classname="pojekt.eightqueensproblem.model.ChessboardModelTest" time="0.001"/>
  <testcase name="testIsSolutionValidParameterized(String, boolean)[11]" classname="pojekt.eightqueensproblem.model.ChessboardModelTest" time="0.001"/>
  <testcase name="testIsSolutionValidParameterized(String, boolean)[12]" classname="pojekt.eightqueensproblem.model.ChessboardModelTest" time="0.001"/>
  <testcase name="testIsSolutionValidParameterized(String, boolean)[13]" classname="pojekt.eightqueensproblem.model.ChessboardModelTest" time="0.001"/>
</testsuite>